<?xml version="1.0" encoding="UTF-8"?>
<!-- Generated by org.testng.reporters.JUnitXMLReporter -->
<testsuite ignored="0" hostname="LAPTOP-QAIF69AF" failures="1" tests="1" name="RealtimeTest" time="0.035" errors="0" timestamp="2021-12-18T19:54:39 IST">
  <testcase classname="Framework.Myntratest" name="NavigationTest" time="0.0">
    <failure type="org.testng.TestNGException" message="
Parameter &amp;apos;browser&amp;apos; is required by @Test on method NavigationTest but has not been marked @Optional or defined
in C:\Users\prama\SeleniumTraining\E2EProject\testng.xml">
      <![CDATA[org.testng.TestNGException: 
Parameter 'browser' is required by @Test on method NavigationTest but has not been marked @Optional or defined
in C:\Users\prama\SeleniumTraining\E2EProject\testng.xml
at java.base/java.util.ArrayList.forEach(ArrayList.java:1541)
... Removed 30 stack frames]]>
    </failure>
  </testcase> <!-- NavigationTest -->
</testsuite> <!-- RealtimeTest -->
